Started GET "/" for 127.0.0.1 at 2017-07-11 16:50:56 -0500
Processing by RpgController#index as HTML
  Rendering rpg/index.html.erb within layouts/application
  Rendered rpg/index.html.erb within layouts/application (2.1ms)
Completed 200 OK in 510ms (Views: 363.6ms)


Started POST "/process" for 127.0.0.1 at 2017-07-11 16:51:01 -0500
Processing by RpgController#new as HTML
  Parameters: {"authenticity_token"=>"G1v82GmDvZT2sU5kLTnOlEMQhlxWGRpS3ouFJiRM7/tSQkSg9e2YkSysAVENnC5jqEvitqpd8R1c574ZTK8K5g==", "building"=>"farm"}
Redirected to http://localhost:3000/
Completed 302 Found in 1ms


Started GET "/" for 127.0.0.1 at 2017-07-11 16:51:01 -0500
Processing by RpgController#index as HTML
  Rendering rpg/index.html.erb within layouts/application
  Rendered rpg/index.html.erb within layouts/application (0.8ms)
Completed 200 OK in 15ms (Views: 13.1ms)


Started POST "/process" for 127.0.0.1 at 2017-07-11 16:51:03 -0500
Processing by RpgController#new as HTML
  Parameters: {"authenticity_token"=>"qwCRRfMTFsof7EaMXrZ1ZE0yNpIIwk2MmtTn0WpY1z7iGSk9b30zz8XxCbl+E5WTpmlSePSGpsMYuNzuArsyIw==", "building"=>"cave"}
Redirected to http://localhost:3000/
Completed 302 Found in 1ms


Started GET "/" for 127.0.0.1 at 2017-07-11 16:51:03 -0500
Processing by RpgController#index as HTML
  Rendering rpg/index.html.erb within layouts/application
  Rendered rpg/index.html.erb within layouts/application (0.6ms)
Completed 200 OK in 12ms (Views: 11.1ms)


Started POST "/process" for 127.0.0.1 at 2017-07-11 16:51:04 -0500
Processing by RpgController#new as HTML
  Parameters: {"authenticity_token"=>"3zVUaU5ppfq3bghrYYVRfUxPS42k4zHpswjhtJLy762WLOwR0geA/21zR15BILGKpxQvZ1in2qYxZNqL+hEKsA==", "building"=>"house"}
Redirected to http://localhost:3000/
Completed 302 Found in 1ms


Started GET "/" for 127.0.0.1 at 2017-07-11 16:51:04 -0500
Processing by RpgController#index as HTML
  Rendering rpg/index.html.erb within layouts/application
  Rendered rpg/index.html.erb within layouts/application (0.7ms)
Completed 200 OK in 13ms (Views: 11.8ms)


Started POST "/process" for 127.0.0.1 at 2017-07-11 16:51:07 -0500
Processing by RpgController#new as HTML
  Parameters: {"authenticity_token"=>"AZV8X2VdJECuEGfYEDMFe+HEDWOXDRuxwEVJKqCXNuZIjMQn+TMBRXQNKO0wluWMCp9piWtJ8P5CKXIVyHTT+w==", "building"=>"casino"}
Redirected to http://localhost:3000/
Completed 302 Found in 1ms


Started GET "/" for 127.0.0.1 at 2017-07-11 16:51:07 -0500
Processing by RpgController#index as HTML
  Rendering rpg/index.html.erb within layouts/application
  Rendered rpg/index.html.erb within layouts/application (0.7ms)
Completed 200 OK in 13ms (Views: 11.3ms)


Started POST "/process" for 127.0.0.1 at 2017-07-11 16:51:10 -0500
Processing by RpgController#new as HTML
  Parameters: {"authenticity_token"=>"5Lfli7thXB3/EA/8/weIvZE3RodLxHzMIhOplYCkUkStrl3zJw95GCUNQMnfomhKemwibbeAl4Ogf5Kq6Ee3WQ==", "building"=>"casino"}
Redirected to http://localhost:3000/
Completed 302 Found in 1ms


Started GET "/" for 127.0.0.1 at 2017-07-11 16:51:10 -0500
Processing by RpgController#index as HTML
  Rendering rpg/index.html.erb within layouts/application
  Rendered rpg/index.html.erb within layouts/application (0.6ms)
Completed 200 OK in 12ms (Views: 11.0ms)


Started POST "/process" for 127.0.0.1 at 2017-07-11 16:51:12 -0500
Processing by RpgController#new as HTML
  Parameters: {"authenticity_token"=>"5kjkqGILhZ2LbYst04TDZENwedJONTQVyIx2dtH3/QSvUVzQ/mWgmFFwxBjzISOTqCsdOLJx31pK4E1JuRQYGQ==", "building"=>"casino"}
Redirected to http://localhost:3000/
Completed 302 Found in 1ms


Started GET "/" for 127.0.0.1 at 2017-07-11 16:51:13 -0500
Processing by RpgController#index as HTML
  Rendering rpg/index.html.erb within layouts/application
  Rendered rpg/index.html.erb within layouts/application (0.6ms)
Completed 200 OK in 12ms (Views: 11.2ms)


Started POST "/process" for 127.0.0.1 at 2017-07-11 16:51:15 -0500
Processing by RpgController#new as HTML
  Parameters: {"authenticity_token"=>"LE8QcBUsbt7hr0iB9NOe668WAsYCKwNtRveV9gFEaEplVqgIiUJL2zuyB7TUdn4cRE1mLP5v6CLEm67JaaeNVw==", "building"=>"casino"}
Redirected to http://localhost:3000/
Completed 302 Found in 1ms


Started GET "/" for 127.0.0.1 at 2017-07-11 16:51:15 -0500
Processing by RpgController#index as HTML
  Rendering rpg/index.html.erb within layouts/application
  Rendered rpg/index.html.erb within layouts/application (0.8ms)
Completed 200 OK in 31ms (Views: 29.8ms)


Started POST "/process" for 127.0.0.1 at 2017-07-11 16:51:18 -0500
Processing by RpgController#new as HTML
  Parameters: {"authenticity_token"=>"ToyweA9UT9JpSCrg2BmIKTTzb0xCN3wjxa8WiUV0d20HlQgAkzpq17NVZdX4vGje36gLpr5zl2xHwy22LZeScA==", "building"=>"casino"}
Redirected to http://localhost:3000/
Completed 302 Found in 1ms


Started GET "/" for 127.0.0.1 at 2017-07-11 16:51:18 -0500
Processing by RpgController#index as HTML
  Rendering rpg/index.html.erb within layouts/application
  Rendered rpg/index.html.erb within layouts/application (0.8ms)
Completed 200 OK in 14ms (Views: 13.1ms)


Started POST "/process" for 127.0.0.1 at 2017-07-11 16:51:22 -0500
Processing by RpgController#new as HTML
  Parameters: {"authenticity_token"=>"VoMVyi2p7r1H+Ik3SMCgvSKMihkH+UlEn/z3jGSIsQofmq2yscfLuJ3lxgJoZUBKydfu8/u9ogsdkMyzDGtUFw==", "building"=>"casino"}
Redirected to http://localhost:3000/
Completed 302 Found in 1ms


Started GET "/" for 127.0.0.1 at 2017-07-11 16:51:22 -0500
Processing by RpgController#index as HTML
  Rendering rpg/index.html.erb within layouts/application
  Rendered rpg/index.html.erb within layouts/application (0.7ms)
Completed 200 OK in 14ms (Views: 12.4ms)


Started POST "/process" for 127.0.0.1 at 2017-07-11 16:51:24 -0500
Processing by RpgController#new as HTML
  Parameters: {"authenticity_token"=>"BxYCnhBksI0ntz6uMAD3NksCdg4bwcuTv9b3o8t8Y11OD7rmjAqViP2qcZsQpRfBoFkS5OeFINw9usyco5+GQA==", "building"=>"casino"}
Redirected to http://localhost:3000/
Completed 302 Found in 1ms


Started GET "/" for 127.0.0.1 at 2017-07-11 16:51:24 -0500
Processing by RpgController#index as HTML
  Rendering rpg/index.html.erb within layouts/application
  Rendered rpg/index.html.erb within layouts/application (0.7ms)
Completed 200 OK in 15ms (Views: 13.4ms)


Started GET "/" for 127.0.0.1 at 2017-07-12 13:10:51 -0500
Processing by RpgController#index as HTML
  Rendering rpg/index.html.erb within layouts/application
  Rendered rpg/index.html.erb within layouts/application (1.7ms)
Completed 200 OK in 324ms (Views: 161.4ms)


Started POST "/process" for 127.0.0.1 at 2017-07-12 13:10:57 -0500
Processing by RpgController#new as HTML
  Parameters: {"authenticity_token"=>"Nt2HkRr0+cXxN5hXaBfPkrH/e054oI+b7R6AQMxGT1Z/xD/phprcwCsq12JIsi9lWqQfpITkZNRvcrt/pKWqSw==", "building"=>"farm"}
Redirected to http://localhost:3000/
Completed 302 Found in 1ms


Started GET "/" for 127.0.0.1 at 2017-07-12 13:10:57 -0500
Processing by RpgController#index as HTML
  Rendering rpg/index.html.erb within layouts/application
  Rendered rpg/index.html.erb within layouts/application (0.6ms)
Completed 200 OK in 12ms (Views: 11.1ms)


