Started GET "/" for 127.0.0.1 at 2017-07-10 13:12:06 -0500
Processing by DisplaysController#index as HTML
Completed 500 Internal Server Error in 105ms


  
ActionView::MissingTemplate (Missing template displays/index, application/index with {:locale=>[:en], :formats=>[:html], :variants=>[], :handlers=>[:raw, :erb, :html, :builder, :ruby, :coffee, :jbuilder]}. Searched in:
  * "/Users/Leibel/Desktop/ruby_rails_stack/rails_controllers_views_leibel/routes_controllers/app/views"
):
  
app/controllers/displays_controller.rb:3:in `index'
Started GET "/" for 127.0.0.1 at 2017-07-10 13:12:58 -0500
Processing by DisplaysController#index as HTML
Completed 500 Internal Server Error in 2ms


  
ActionView::MissingTemplate (Missing template displays/index, application/index with {:locale=>[:en], :formats=>[:html], :variants=>[], :handlers=>[:raw, :erb, :html, :builder, :ruby, :coffee, :jbuilder]}. Searched in:
  * "/Users/Leibel/Desktop/ruby_rails_stack/rails_controllers_views_leibel/routes_controllers/app/views"
):
  
app/controllers/displays_controller.rb:3:in `index'
Started GET "/" for 127.0.0.1 at 2017-07-10 13:13:00 -0500
Processing by DisplaysController#index as HTML
Completed 500 Internal Server Error in 2ms


  
ActionView::MissingTemplate (Missing template displays/index, application/index with {:locale=>[:en], :formats=>[:html], :variants=>[], :handlers=>[:raw, :erb, :html, :builder, :ruby, :coffee, :jbuilder]}. Searched in:
  * "/Users/Leibel/Desktop/ruby_rails_stack/rails_controllers_views_leibel/routes_controllers/app/views"
):
  
app/controllers/displays_controller.rb:3:in `index'
Started GET "/" for 127.0.0.1 at 2017-07-10 13:14:46 -0500
Processing by DisplaysController#index as HTML
Completed 500 Internal Server Error in 3ms


  
ActionView::MissingTemplate (Missing template displays/index, application/index with {:locale=>[:en], :formats=>[:html], :variants=>[], :handlers=>[:raw, :erb, :html, :builder, :ruby, :coffee, :jbuilder]}. Searched in:
  * "/Users/Leibel/Desktop/ruby_rails_stack/rails_controllers_views_leibel/routes_controllers/app/views"
):
  
app/controllers/displays_controller.rb:3:in `index'
Started GET "/" for 127.0.0.1 at 2017-07-10 13:14:59 -0500
Processing by DisplaysController#index as HTML
  Rendering html template
  Rendered html template (0.0ms)
Completed 200 OK in 1ms (Views: 0.9ms)


Started GET "/" for 127.0.0.1 at 2017-07-10 13:18:35 -0500
Processing by DisplaysController#index as HTML
  Rendering html template
  Rendered html template (0.0ms)
Completed 200 OK in 1ms (Views: 0.4ms)


Started GET "/say/hello" for 127.0.0.1 at 2017-07-10 13:18:45 -0500
Processing by DisplaysController#say as HTML
  Rendering html template
  Rendered html template (0.0ms)
Completed 200 OK in 1ms (Views: 0.3ms)


Started GET "/say/hello" for 127.0.0.1 at 2017-07-10 13:19:04 -0500
Processing by DisplaysController#say as HTML
  Rendering html template
  Rendered html template (0.0ms)
Completed 200 OK in 1ms (Views: 0.4ms)


Started GET "/say/hello/joe" for 127.0.0.1 at 2017-07-10 13:19:11 -0500
Processing by DisplaysController#say as HTML
  Parameters: {"name"=>"joe"}
  Rendering html template
  Rendered html template (0.0ms)
Completed 200 OK in 1ms (Views: 0.3ms)


Started GET "/say/hello/joe" for 127.0.0.1 at 2017-07-10 13:19:34 -0500
Processing by DisplaysController#say as HTML
  Parameters: {"name"=>"joe"}
  Rendering html template
  Rendered html template (0.0ms)
Completed 200 OK in 1ms (Views: 0.5ms)


Started GET "/say/hello" for 127.0.0.1 at 2017-07-10 13:19:50 -0500
Processing by DisplaysController#say as HTML
Completed 500 Internal Server Error in 0ms


  
TypeError (no implicit conversion of nil into String):
  
app/controllers/displays_controller.rb:9:in `+'
app/controllers/displays_controller.rb:9:in `say'
Started GET "/say/hello" for 127.0.0.1 at 2017-07-10 13:20:03 -0500
Processing by DisplaysController#hello as HTML
  Rendering html template
  Rendered html template (0.0ms)
Completed 200 OK in 1ms (Views: 0.4ms)


Started GET "/say/hello/joe" for 127.0.0.1 at 2017-07-10 13:20:07 -0500
Processing by DisplaysController#say as HTML
  Parameters: {"name"=>"joe"}
  Rendering html template
  Rendered html template (0.0ms)
Completed 200 OK in 1ms (Views: 0.3ms)


Started GET "/say/hello/joe" for 127.0.0.1 at 2017-07-10 13:21:20 -0500
Processing by DisplaysController#say as HTML
  Parameters: {"name"=>"joe"}
  Rendering html template
  Rendered html template (0.0ms)
Completed 200 OK in 1ms (Views: 0.4ms)


Started GET "/say/hello/joe" for 127.0.0.1 at 2017-07-10 13:21:35 -0500
Processing by DisplaysController#say as HTML
  Parameters: {"name"=>"joe"}
  Rendering html template
  Rendered html template (0.0ms)
Completed 200 OK in 1ms (Views: 0.3ms)


Started GET "/say/hello/joe" for 127.0.0.1 at 2017-07-10 13:22:06 -0500
Processing by DisplaysController#say as HTML
  Parameters: {"name"=>"joe"}
  Rendering html template
  Rendered html template (0.0ms)
Completed 200 OK in 1ms (Views: 0.4ms)


Started GET "/say/hello/joe" for 127.0.0.1 at 2017-07-10 13:22:15 -0500
Processing by DisplaysController#say as HTML
  Parameters: {"name"=>"joe"}
  Rendering html template
  Rendered html template (0.0ms)
Completed 200 OK in 1ms (Views: 0.5ms)


Started GET "/say/hello/joe" for 127.0.0.1 at 2017-07-10 13:26:05 -0500
Processing by DisplaysController#say as HTML
  Parameters: {"name"=>"joe"}
  Rendering html template
  Rendered html template (0.0ms)
Completed 200 OK in 1ms (Views: 0.4ms)


Started GET "/say/hello/michael" for 127.0.0.1 at 2017-07-10 13:26:09 -0500
Processing by DisplaysController#say as HTML
  Parameters: {"name"=>"michael"}
  Rendering html template
  Rendered html template (0.0ms)
Completed 200 OK in 1ms (Views: 0.3ms)


Started GET "/say/hello/michael" for 127.0.0.1 at 2017-07-10 13:26:24 -0500
Processing by DisplaysController#michael as HTML
Redirected to http://localhost:3000/say/hello/Joe
Completed 302 Found in 1ms


Started GET "/say/hello/Joe" for 127.0.0.1 at 2017-07-10 13:26:24 -0500
Processing by DisplaysController#say as HTML
  Parameters: {"name"=>"Joe"}
  Rendering html template
  Rendered html template (0.0ms)
Completed 200 OK in 1ms (Views: 0.5ms)


Started GET "/say/hello/michael" for 127.0.0.1 at 2017-07-10 13:26:29 -0500
Processing by DisplaysController#michael as HTML
Redirected to http://localhost:3000/say/hello/Joe
Completed 302 Found in 1ms


Started GET "/say/hello/Joe" for 127.0.0.1 at 2017-07-10 13:26:29 -0500
Processing by DisplaysController#say as HTML
  Parameters: {"name"=>"Joe"}
  Rendering html template
  Rendered html template (0.0ms)
Completed 200 OK in 1ms (Views: 0.2ms)


Started GET "/say/hello/abby" for 127.0.0.1 at 2017-07-10 13:26:38 -0500
Processing by DisplaysController#say as HTML
  Parameters: {"name"=>"abby"}
  Rendering html template
  Rendered html template (0.0ms)
Completed 200 OK in 1ms (Views: 0.3ms)


Started GET "/say/hello/abby" for 127.0.0.1 at 2017-07-10 13:28:00 -0500
Processing by DisplaysController#say as HTML
  Parameters: {"name"=>"abby"}
  Rendering html template
  Rendered html template (0.0ms)
Completed 200 OK in 1ms (Views: 0.4ms)


Started GET "/" for 127.0.0.1 at 2017-07-10 13:28:04 -0500
Processing by DisplaysController#index as HTML
  Rendering html template
  Rendered html template (0.0ms)
Completed 200 OK in 1ms (Views: 0.3ms)


Started GET "/hello" for 127.0.0.1 at 2017-07-10 13:28:16 -0500
  
ActionController::RoutingError (No route matches [GET] "/hello"):
  
actionpack (5.1.2) lib/action_dispatch/middleware/debug_exceptions.rb:63:in `call'
web-console (3.5.1) lib/web_console/middleware.rb:135:in `call_app'
web-console (3.5.1) lib/web_console/middleware.rb:28:in `block in call'
web-console (3.5.1) lib/web_console/middleware.rb:18:in `catch'
web-console (3.5.1) lib/web_console/middleware.rb:18:in `call'
actionpack (5.1.2) lib/action_dispatch/middleware/show_exceptions.rb:31:in `call'
railties (5.1.2) lib/rails/rack/logger.rb:36:in `call_app'
railties (5.1.2) lib/rails/rack/logger.rb:24:in `block in call'
activesupport (5.1.2) lib/active_support/tagged_logging.rb:69:in `block in tagged'
activesupport (5.1.2) lib/active_support/tagged_logging.rb:26:in `tagged'
activesupport (5.1.2) lib/active_support/tagged_logging.rb:69:in `tagged'
railties (5.1.2) lib/rails/rack/logger.rb:24:in `call'
sprockets-rails (3.2.0) lib/sprockets/rails/quiet_assets.rb:13:in `call'
actionpack (5.1.2) lib/action_dispatch/middleware/remote_ip.rb:79:in `call'
actionpack (5.1.2) lib/action_dispatch/middleware/request_id.rb:25:in `call'
rack (2.0.3) lib/rack/method_override.rb:22:in `call'
rack (2.0.3) lib/rack/runtime.rb:22:in `call'
activesupport (5.1.2) lib/active_support/cache/strategy/local_cache_middleware.rb:27:in `call'
actionpack (5.1.2) lib/action_dispatch/middleware/executor.rb:12:in `call'
actionpack (5.1.2) lib/action_dispatch/middleware/static.rb:125:in `call'
rack (2.0.3) lib/rack/sendfile.rb:111:in `call'
railties (5.1.2) lib/rails/engine.rb:522:in `call'
puma (3.9.1) lib/puma/configuration.rb:224:in `call'
puma (3.9.1) lib/puma/server.rb:602:in `handle_request'
puma (3.9.1) lib/puma/server.rb:435:in `process_client'
puma (3.9.1) lib/puma/server.rb:299:in `block in run'
puma (3.9.1) lib/puma/thread_pool.rb:120:in `block in spawn_thread'
Started GET "/say/hello" for 127.0.0.1 at 2017-07-10 13:28:22 -0500
Processing by DisplaysController#hello as HTML
  Rendering html template
  Rendered html template (0.0ms)
Completed 200 OK in 1ms (Views: 0.3ms)


Started GET "/say/hello/leibel" for 127.0.0.1 at 2017-07-10 13:28:27 -0500
Processing by DisplaysController#say as HTML
  Parameters: {"name"=>"leibel"}
  Rendering html template
  Rendered html template (0.0ms)
Completed 200 OK in 1ms (Views: 0.3ms)


Started GET "/say/hello/michael" for 127.0.0.1 at 2017-07-10 13:28:32 -0500
Processing by DisplaysController#michael as HTML
Redirected to http://localhost:3000/say/hello/Joe
Completed 302 Found in 1ms


Started GET "/say/hello/Joe" for 127.0.0.1 at 2017-07-10 13:28:32 -0500
Processing by DisplaysController#say as HTML
  Parameters: {"name"=>"Joe"}
  Rendering html template
  Rendered html template (0.0ms)
Completed 200 OK in 1ms (Views: 0.3ms)


Started GET "/say/hello/Joe" for 127.0.0.1 at 2017-07-10 13:29:50 -0500
  
SyntaxError (/Users/Leibel/Desktop/ruby_rails_stack/rails_controllers_views_leibel/routes_controllers/app/controllers/displays_controller.rb:22: syntax error, unexpected end-of-input, expecting keyword_end):
  
app/controllers/displays_controller.rb:22: syntax error, unexpected end-of-input, expecting keyword_end
Started GET "/say/hello/Joe" for 127.0.0.1 at 2017-07-10 13:30:01 -0500
  
SyntaxError (/Users/Leibel/Desktop/ruby_rails_stack/rails_controllers_views_leibel/routes_controllers/app/controllers/displays_controller.rb:22: syntax error, unexpected end-of-input, expecting keyword_end):
  
app/controllers/displays_controller.rb:22: syntax error, unexpected end-of-input, expecting keyword_end
Started GET "/say/hello/Joe" for 127.0.0.1 at 2017-07-10 13:30:02 -0500
  
SyntaxError (/Users/Leibel/Desktop/ruby_rails_stack/rails_controllers_views_leibel/routes_controllers/app/controllers/displays_controller.rb:22: syntax error, unexpected end-of-input, expecting keyword_end):
  
app/controllers/displays_controller.rb:22: syntax error, unexpected end-of-input, expecting keyword_end
Started GET "/say/hello/Joe" for 127.0.0.1 at 2017-07-10 13:30:09 -0500
  
SyntaxError (/Users/Leibel/Desktop/ruby_rails_stack/rails_controllers_views_leibel/routes_controllers/app/controllers/displays_controller.rb:22: syntax error, unexpected end-of-input, expecting keyword_end):
  
app/controllers/displays_controller.rb:22: syntax error, unexpected end-of-input, expecting keyword_end
Started GET "/say/hello/joe" for 127.0.0.1 at 2017-07-10 13:30:41 -0500
  
SyntaxError (/Users/Leibel/Desktop/ruby_rails_stack/rails_controllers_views_leibel/routes_controllers/app/controllers/displays_controller.rb:22: syntax error, unexpected end-of-input, expecting keyword_end):
  
app/controllers/displays_controller.rb:22: syntax error, unexpected end-of-input, expecting keyword_end
Started GET "/" for 127.0.0.1 at 2017-07-10 13:30:46 -0500
  
SyntaxError (/Users/Leibel/Desktop/ruby_rails_stack/rails_controllers_views_leibel/routes_controllers/app/controllers/displays_controller.rb:22: syntax error, unexpected end-of-input, expecting keyword_end):
  
app/controllers/displays_controller.rb:22: syntax error, unexpected end-of-input, expecting keyword_end
Started GET "/" for 127.0.0.1 at 2017-07-10 13:30:55 -0500
  
SyntaxError (/Users/Leibel/Desktop/ruby_rails_stack/rails_controllers_views_leibel/routes_controllers/app/controllers/displays_controller.rb:22: syntax error, unexpected end-of-input, expecting keyword_end):
  
app/controllers/displays_controller.rb:22: syntax error, unexpected end-of-input, expecting keyword_end
Started GET "/" for 127.0.0.1 at 2017-07-10 13:30:56 -0500
  
SyntaxError (/Users/Leibel/Desktop/ruby_rails_stack/rails_controllers_views_leibel/routes_controllers/app/controllers/displays_controller.rb:22: syntax error, unexpected end-of-input, expecting keyword_end):
  
app/controllers/displays_controller.rb:22: syntax error, unexpected end-of-input, expecting keyword_end
Started GET "/" for 127.0.0.1 at 2017-07-10 13:31:04 -0500
Processing by DisplaysController#index as HTML
  Rendering html template
  Rendered html template (0.0ms)
Completed 200 OK in 99ms (Views: 2.2ms)


Started GET "/" for 127.0.0.1 at 2017-07-10 13:31:16 -0500
  
SyntaxError (/Users/Leibel/Desktop/ruby_rails_stack/rails_controllers_views_leibel/routes_controllers/app/controllers/displays_controller.rb:22: syntax error, unexpected end-of-input, expecting keyword_end):
  
app/controllers/displays_controller.rb:22: syntax error, unexpected end-of-input, expecting keyword_end
Started GET "/" for 127.0.0.1 at 2017-07-10 13:31:31 -0500
  
SyntaxError (/Users/Leibel/Desktop/ruby_rails_stack/rails_controllers_views_leibel/routes_controllers/app/controllers/displays_controller.rb:22: syntax error, unexpected end-of-input, expecting keyword_end):
  
app/controllers/displays_controller.rb:22: syntax error, unexpected end-of-input, expecting keyword_end
Started GET "/" for 127.0.0.1 at 2017-07-10 13:31:40 -0500
  
SyntaxError (/Users/Leibel/Desktop/ruby_rails_stack/rails_controllers_views_leibel/routes_controllers/app/controllers/displays_controller.rb:22: syntax error, unexpected end-of-input, expecting keyword_end):
  
app/controllers/displays_controller.rb:22: syntax error, unexpected end-of-input, expecting keyword_end
Started GET "/" for 127.0.0.1 at 2017-07-10 13:33:23 -0500
  
SyntaxError (/Users/Leibel/Desktop/ruby_rails_stack/rails_controllers_views_leibel/routes_controllers/app/controllers/displays_controller.rb:22: syntax error, unexpected end-of-input, expecting keyword_end):
  
app/controllers/displays_controller.rb:22: syntax error, unexpected end-of-input, expecting keyword_end
Started GET "/" for 127.0.0.1 at 2017-07-10 13:33:24 -0500
  
SyntaxError (/Users/Leibel/Desktop/ruby_rails_stack/rails_controllers_views_leibel/routes_controllers/app/controllers/displays_controller.rb:22: syntax error, unexpected end-of-input, expecting keyword_end):
  
app/controllers/displays_controller.rb:22: syntax error, unexpected end-of-input, expecting keyword_end
Started GET "/" for 127.0.0.1 at 2017-07-10 13:33:41 -0500
  
SyntaxError (/Users/Leibel/Desktop/ruby_rails_stack/rails_controllers_views_leibel/routes_controllers/app/controllers/displays_controller.rb:23: syntax error, unexpected end-of-input, expecting keyword_end):
  
app/controllers/displays_controller.rb:23: syntax error, unexpected end-of-input, expecting keyword_end
Started GET "/" for 127.0.0.1 at 2017-07-10 13:33:42 -0500
  
SyntaxError (/Users/Leibel/Desktop/ruby_rails_stack/rails_controllers_views_leibel/routes_controllers/app/controllers/displays_controller.rb:23: syntax error, unexpected end-of-input, expecting keyword_end):
  
app/controllers/displays_controller.rb:23: syntax error, unexpected end-of-input, expecting keyword_end
Started GET "/" for 127.0.0.1 at 2017-07-10 13:33:43 -0500
  
SyntaxError (/Users/Leibel/Desktop/ruby_rails_stack/rails_controllers_views_leibel/routes_controllers/app/controllers/displays_controller.rb:23: syntax error, unexpected end-of-input, expecting keyword_end):
  
app/controllers/displays_controller.rb:23: syntax error, unexpected end-of-input, expecting keyword_end
Started GET "/" for 127.0.0.1 at 2017-07-10 13:33:56 -0500
Processing by DisplaysController#index as HTML
  Rendering html template
  Rendered html template (0.0ms)
Completed 200 OK in 107ms (Views: 3.1ms)


Started GET "/" for 127.0.0.1 at 2017-07-10 13:34:11 -0500
Processing by DisplaysController#index as HTML
  Rendering html template
  Rendered html template (0.0ms)
Completed 200 OK in 1ms (Views: 0.4ms)


Started GET "/" for 127.0.0.1 at 2017-07-10 13:34:12 -0500
Processing by DisplaysController#index as HTML
  Rendering html template
  Rendered html template (0.0ms)
Completed 200 OK in 1ms (Views: 0.3ms)


Started GET "/times" for 127.0.0.1 at 2017-07-10 13:34:20 -0500
Processing by DisplaysController#times as HTML
  Rendering html template
  Rendered html template (0.0ms)
Completed 200 OK in 0ms (Views: 0.2ms)


Started GET "/times" for 127.0.0.1 at 2017-07-10 13:34:37 -0500
Processing by DisplaysController#times as HTML
Completed 500 Internal Server Error in 1ms


  
NoMethodError (undefined method `+' for nil:NilClass):
  
app/controllers/displays_controller.rb:13:in `times'
Started GET "/times" for 127.0.0.1 at 2017-07-10 13:34:53 -0500
Processing by DisplaysController#times as HTML
  Rendering html template
  Rendered html template (0.0ms)
Completed 200 OK in 1ms (Views: 0.5ms)


Started GET "/times" for 127.0.0.1 at 2017-07-10 13:34:55 -0500
Processing by DisplaysController#times as HTML
  Rendering html template
  Rendered html template (0.0ms)
Completed 200 OK in 1ms (Views: 0.3ms)


Started GET "/times" for 127.0.0.1 at 2017-07-10 13:34:56 -0500
Processing by DisplaysController#times as HTML
  Rendering html template
  Rendered html template (0.0ms)
Completed 200 OK in 1ms (Views: 0.3ms)


Started GET "/times" for 127.0.0.1 at 2017-07-10 13:34:56 -0500
Processing by DisplaysController#times as HTML
  Rendering html template
  Rendered html template (0.0ms)
Completed 200 OK in 1ms (Views: 0.3ms)


Started GET "/times" for 127.0.0.1 at 2017-07-10 13:34:56 -0500
Processing by DisplaysController#times as HTML
  Rendering html template
  Rendered html template (0.0ms)
Completed 200 OK in 1ms (Views: 0.3ms)


Started GET "/times" for 127.0.0.1 at 2017-07-10 13:34:57 -0500
Processing by DisplaysController#times as HTML
  Rendering html template
  Rendered html template (0.0ms)
Completed 200 OK in 1ms (Views: 0.3ms)


Started GET "/times" for 127.0.0.1 at 2017-07-10 13:34:57 -0500
Processing by DisplaysController#times as HTML
  Rendering html template
  Rendered html template (0.0ms)
Completed 200 OK in 1ms (Views: 0.3ms)


Started GET "/times" for 127.0.0.1 at 2017-07-10 13:34:57 -0500
Processing by DisplaysController#times as HTML
  Rendering html template
  Rendered html template (0.0ms)
Completed 200 OK in 1ms (Views: 0.3ms)


Started GET "/times" for 127.0.0.1 at 2017-07-10 13:34:57 -0500
Processing by DisplaysController#times as HTML
  Rendering html template
  Rendered html template (0.0ms)
Completed 200 OK in 1ms (Views: 0.3ms)


Started GET "/times" for 127.0.0.1 at 2017-07-10 13:34:57 -0500
Processing by DisplaysController#times as HTML
  Rendering html template
  Rendered html template (0.0ms)
Completed 200 OK in 1ms (Views: 0.3ms)


Started GET "/times" for 127.0.0.1 at 2017-07-10 13:34:58 -0500
Processing by DisplaysController#times as HTML
  Rendering html template
  Rendered html template (0.0ms)
Completed 200 OK in 1ms (Views: 0.3ms)


Started GET "/times" for 127.0.0.1 at 2017-07-10 13:34:58 -0500
Processing by DisplaysController#times as HTML
  Rendering html template
  Rendered html template (0.0ms)
Completed 200 OK in 1ms (Views: 0.3ms)


Started GET "/times" for 127.0.0.1 at 2017-07-10 13:34:58 -0500
Processing by DisplaysController#times as HTML
  Rendering html template
  Rendered html template (0.0ms)
Completed 200 OK in 1ms (Views: 0.3ms)


Started GET "/times" for 127.0.0.1 at 2017-07-10 13:34:58 -0500
Processing by DisplaysController#times as HTML
  Rendering html template
  Rendered html template (0.0ms)
Completed 200 OK in 1ms (Views: 0.4ms)


Started GET "/times" for 127.0.0.1 at 2017-07-10 13:34:58 -0500
Processing by DisplaysController#times as HTML
  Rendering html template
  Rendered html template (0.0ms)
Completed 200 OK in 1ms (Views: 0.3ms)


Started GET "/times" for 127.0.0.1 at 2017-07-10 13:34:59 -0500
Processing by DisplaysController#times as HTML
  Rendering html template
  Rendered html template (0.0ms)
Completed 200 OK in 1ms (Views: 0.3ms)


Started GET "/times" for 127.0.0.1 at 2017-07-10 13:34:59 -0500
Processing by DisplaysController#times as HTML
  Rendering html template
  Rendered html template (0.0ms)
Completed 200 OK in 1ms (Views: 0.3ms)


Started GET "/times" for 127.0.0.1 at 2017-07-10 13:34:59 -0500
Processing by DisplaysController#times as HTML
  Rendering html template
  Rendered html template (0.0ms)
Completed 200 OK in 1ms (Views: 0.4ms)


Started GET "/times" for 127.0.0.1 at 2017-07-10 13:34:59 -0500
Processing by DisplaysController#times as HTML
  Rendering html template
  Rendered html template (0.0ms)
Completed 200 OK in 1ms (Views: 0.3ms)


Started GET "/times" for 127.0.0.1 at 2017-07-10 13:34:59 -0500
Processing by DisplaysController#times as HTML
  Rendering html template
  Rendered html template (0.0ms)
Completed 200 OK in 1ms (Views: 0.4ms)


Started GET "/times" for 127.0.0.1 at 2017-07-10 13:35:00 -0500
Processing by DisplaysController#times as HTML
  Rendering html template
  Rendered html template (0.0ms)
Completed 200 OK in 1ms (Views: 0.3ms)


Started GET "/times" for 127.0.0.1 at 2017-07-10 13:35:00 -0500
Processing by DisplaysController#times as HTML
  Rendering html template
  Rendered html template (0.0ms)
Completed 200 OK in 1ms (Views: 0.3ms)


Started GET "/times" for 127.0.0.1 at 2017-07-10 13:35:00 -0500
Processing by DisplaysController#times as HTML
  Rendering html template
  Rendered html template (0.0ms)
Completed 200 OK in 1ms (Views: 0.3ms)


Started GET "/times" for 127.0.0.1 at 2017-07-10 13:37:03 -0500
  
ActionController::RoutingError (undefined local variable or method `session' for DisplaysController:Class):
  
app/controllers/displays_controller.rb:2:in `<class:DisplaysController>'
app/controllers/displays_controller.rb:1:in `<top (required)>'
Started GET "/times" for 127.0.0.1 at 2017-07-10 13:37:52 -0500
Processing by DisplaysController#times as HTML
Completed 500 Internal Server Error in 1ms


  
NoMethodError (undefined method `+' for nil:NilClass):
  
app/controllers/displays_controller.rb:16:in `times'
Started GET "/times" for 127.0.0.1 at 2017-07-10 13:38:11 -0500
Processing by DisplaysController#times as HTML
Completed 500 Internal Server Error in 1ms


  
NoMethodError (undefined method `+' for nil:NilClass):
  
app/controllers/displays_controller.rb:16:in `times'
Started GET "/times" for 127.0.0.1 at 2017-07-10 13:38:13 -0500
Processing by DisplaysController#times as HTML
Completed 500 Internal Server Error in 1ms


  
NoMethodError (undefined method `+' for nil:NilClass):
  
app/controllers/displays_controller.rb:16:in `times'
Started GET "/times" for 127.0.0.1 at 2017-07-10 13:39:53 -0500
Processing by DisplaysController#times as HTML
Completed 500 Internal Server Error in 2ms


  
ActionView::MissingTemplate (Missing template displays/times, application/times with {:locale=>[:en], :formats=>[:html], :variants=>[], :handlers=>[:raw, :erb, :html, :builder, :ruby, :coffee, :jbuilder]}. Searched in:
  * "/Users/Leibel/Desktop/ruby_rails_stack/rails_controllers_views_leibel/routes_controllers/app/views"
):
  
app/controllers/displays_controller.rb:16:in `times'
Started GET "/times" for 127.0.0.1 at 2017-07-10 13:39:55 -0500
Processing by DisplaysController#times as HTML
Completed 500 Internal Server Error in 2ms


  
ActionView::MissingTemplate (Missing template displays/times, application/times with {:locale=>[:en], :formats=>[:html], :variants=>[], :handlers=>[:raw, :erb, :html, :builder, :ruby, :coffee, :jbuilder]}. Searched in:
  * "/Users/Leibel/Desktop/ruby_rails_stack/rails_controllers_views_leibel/routes_controllers/app/views"
):
  
app/controllers/displays_controller.rb:16:in `times'
Started GET "/times" for 127.0.0.1 at 2017-07-10 13:40:00 -0500
Processing by DisplaysController#times as HTML
  Rendering html template
  Rendered html template (0.0ms)
Completed 200 OK in 1ms (Views: 0.5ms)


Started GET "/times" for 127.0.0.1 at 2017-07-10 13:40:02 -0500
Processing by DisplaysController#times as HTML
  Rendering html template
  Rendered html template (0.0ms)
Completed 200 OK in 1ms (Views: 0.3ms)


Started GET "/times" for 127.0.0.1 at 2017-07-10 13:40:02 -0500
Processing by DisplaysController#times as HTML
  Rendering html template
  Rendered html template (0.0ms)
Completed 200 OK in 1ms (Views: 0.3ms)


Started GET "/times" for 127.0.0.1 at 2017-07-10 13:40:03 -0500
Processing by DisplaysController#times as HTML
  Rendering html template
  Rendered html template (0.0ms)
Completed 200 OK in 1ms (Views: 0.3ms)


Started GET "/times" for 127.0.0.1 at 2017-07-10 13:40:03 -0500
Processing by DisplaysController#times as HTML
  Rendering html template
  Rendered html template (0.0ms)
Completed 200 OK in 1ms (Views: 0.3ms)


Started GET "/times" for 127.0.0.1 at 2017-07-10 13:40:03 -0500
Processing by DisplaysController#times as HTML
  Rendering html template
  Rendered html template (0.0ms)
Completed 200 OK in 1ms (Views: 0.3ms)


Started GET "/times" for 127.0.0.1 at 2017-07-10 13:40:03 -0500
Processing by DisplaysController#times as HTML
  Rendering html template
  Rendered html template (0.0ms)
Completed 200 OK in 1ms (Views: 0.3ms)


Started GET "/times" for 127.0.0.1 at 2017-07-10 13:40:04 -0500
Processing by DisplaysController#times as HTML
  Rendering html template
  Rendered html template (0.0ms)
Completed 200 OK in 1ms (Views: 0.3ms)


Started GET "/times" for 127.0.0.1 at 2017-07-10 13:40:04 -0500
Processing by DisplaysController#times as HTML
  Rendering html template
  Rendered html template (0.0ms)
Completed 200 OK in 1ms (Views: 0.3ms)


Started GET "/times/restart" for 127.0.0.1 at 2017-07-10 13:40:09 -0500
Processing by DisplaysController#restart as HTML
  Rendering html template
  Rendered html template (0.0ms)
Completed 200 OK in 1ms (Views: 0.3ms)


Started GET "/times/restart" for 127.0.0.1 at 2017-07-10 13:40:11 -0500
Processing by DisplaysController#restart as HTML
  Rendering html template
  Rendered html template (0.0ms)
Completed 200 OK in 1ms (Views: 0.3ms)


Started GET "/times" for 127.0.0.1 at 2017-07-10 13:40:13 -0500
Processing by DisplaysController#times as HTML
  Rendering html template
  Rendered html template (0.0ms)
Completed 200 OK in 1ms (Views: 0.2ms)


Started GET "/times" for 127.0.0.1 at 2017-07-10 13:40:15 -0500
Processing by DisplaysController#times as HTML
  Rendering html template
  Rendered html template (0.0ms)
Completed 200 OK in 1ms (Views: 0.3ms)


Started GET "/times" for 127.0.0.1 at 2017-07-10 13:40:15 -0500
Processing by DisplaysController#times as HTML
  Rendering html template
  Rendered html template (0.0ms)
Completed 200 OK in 1ms (Views: 0.3ms)


Started GET "/times" for 127.0.0.1 at 2017-07-10 13:40:15 -0500
Processing by DisplaysController#times as HTML
  Rendering html template
  Rendered html template (0.0ms)
Completed 200 OK in 1ms (Views: 0.3ms)


Started GET "/times" for 127.0.0.1 at 2017-07-10 13:40:15 -0500
Processing by DisplaysController#times as HTML
  Rendering html template
  Rendered html template (0.0ms)
Completed 200 OK in 1ms (Views: 0.3ms)


Started GET "/times" for 127.0.0.1 at 2017-07-10 13:40:15 -0500
Processing by DisplaysController#times as HTML
  Rendering html template
  Rendered html template (0.0ms)
Completed 200 OK in 1ms (Views: 0.3ms)


Started GET "/times" for 127.0.0.1 at 2017-07-10 13:40:16 -0500
Processing by DisplaysController#times as HTML
  Rendering html template
  Rendered html template (0.0ms)
Completed 200 OK in 1ms (Views: 0.3ms)


Started GET "/times" for 127.0.0.1 at 2017-07-10 13:40:16 -0500
Processing by DisplaysController#times as HTML
  Rendering html template
  Rendered html template (0.0ms)
Completed 200 OK in 1ms (Views: 0.3ms)


Started GET "/times" for 127.0.0.1 at 2017-07-10 13:40:16 -0500
Processing by DisplaysController#times as HTML
  Rendering html template
  Rendered html template (0.0ms)
Completed 200 OK in 1ms (Views: 0.2ms)


Started GET "/times" for 127.0.0.1 at 2017-07-10 13:40:16 -0500
Processing by DisplaysController#times as HTML
  Rendering html template
  Rendered html template (0.0ms)
Completed 200 OK in 1ms (Views: 0.3ms)


Started GET "/times" for 127.0.0.1 at 2017-07-10 13:40:16 -0500
Processing by DisplaysController#times as HTML
  Rendering html template
  Rendered html template (0.0ms)
Completed 200 OK in 1ms (Views: 0.3ms)


